<?xml version="1.0" encoding="UTF-8"?>
<testsuite name="org.example.MainTest" tests="2" skipped="0" failures="0" errors="0" timestamp="2022-09-24T07:12:20" hostname="MSI" time="0.017">
  <properties/>
  <testcase name="ZeroMultiplyTest()" classname="org.example.MainTest" time="0.014"/>
  <testcase name="IntegerMultiplyTest()" classname="org.example.MainTest" time="0.002"/>
  <system-out><![CDATA[]]></system-out>
  <system-err><![CDATA[]]></system-err>
</testsuite>
